SuperMacros/app/build/intermediates/manifest_merge_blame_file/release/manifest-merger-blame-release-report.txt
1<?xml version="1.0" encoding="utf-8"?>
2<!--
3Terry Tran
4terry.h.tran@gmail.com
5-->
6<manifest xmlns:android="http://schemas.android.com/apk/res/android"
7    package="com.tt.supermacros"
8    android:versionCode="5"
9    android:versionName="5.0" >
10
11    <uses-sdk
12        android:minSdkVersion="23"
12-->src/main/AndroidManifest.xml
13        android:targetSdkVersion="30" />
13-->src/main/AndroidManifest.xml
14
15    <uses-permission android:name="android.permission.WRITE_EXTERNAL_STORAGE" />
15-->src/main/AndroidManifest.xml:10:5-80
15-->src/main/AndroidManifest.xml:10:22-78
16    <uses-permission android:name="android.permission.READ_EXTERNAL_STORAGE" />
16-->src/main/AndroidManifest.xml:11:5-80
16-->src/main/AndroidManifest.xml:11:22-77
17
18    <application
18-->src/main/AndroidManifest.xml:12:5-29:19
19        android:allowBackup="true"
19-->src/main/AndroidManifest.xml:14:9-35
20        android:appComponentFactory="androidx.core.app.CoreComponentFactory"
20-->[androidx.core:core:1.1.0] AndroidManifest.xml:24:18-86
21        android:extractNativeLibs="false"
22        android:icon="@mipmap/ic_launcher"
22-->src/main/AndroidManifest.xml:15:9-43
23        android:label="@string/app_name"
23-->src/main/AndroidManifest.xml:16:9-41
24        android:requestLegacyExternalStorage="true"
24-->src/main/AndroidManifest.xml:13:9-52
25        android:supportsRtl="true"
25-->src/main/AndroidManifest.xml:17:9-35
26        android:theme="@style/AppTheme" >
26-->src/main/AndroidManifest.xml:18:9-40
27        <activity
27-->src/main/AndroidManifest.xml:19:9-28:20
28            android:name="com.tt.supermacros.MainActivity"
28-->src/main/AndroidManifest.xml:20:13-59
29            android:label="@string/app_name"
29-->src/main/AndroidManifest.xml:21:13-45
30            android:theme="@style/AppTheme.NoActionBar" >
30-->src/main/AndroidManifest.xml:22:13-56
31            <intent-filter>
31-->src/main/AndroidManifest.xml:23:13-27:29
32                <action android:name="android.intent.action.MAIN" />
32-->src/main/AndroidManifest.xml:24:17-69
32-->src/main/AndroidManifest.xml:24:25-66
33
34                <category android:name="android.intent.category.LAUNCHER" />
34-->src/main/AndroidManifest.xml:26:17-77
34-->src/main/AndroidManifest.xml:26:27-74
35            </intent-filter>
36        </activity>
37    </application>
38
39</manifest>